{"C:\\Users\\LENOVO\\Documents\\Nueva carpeta (3)\\AlejandroObando_30723_G0_ADSW\\3.CODIGO\\TransControl\\backend\\src\\business\\services\\AuthService.ts": {"path":"C:\\Users\\LENOVO\\Documents\\Nueva carpeta (3)\\AlejandroObando_30723_G0_ADSW\\3.CODIGO\\TransControl\\backend\\src\\business\\services\\AuthService.ts","statementMap":{"0":{"start":{"line":8,"column":20},"end":{"line":8,"column":null}},"1":{"start":{"line":9,"column":19},"end":{"line":9,"column":null}},"2":{"start":{"line":12,"column":17},"end":{"line":12,"column":null}},"3":{"start":{"line":14,"column":4},"end":{"line":16,"column":null}},"4":{"start":{"line":14,"column":23},"end":{"line":14,"column":47}},"5":{"start":{"line":15,"column":6},"end":{"line":15,"column":null}},"6":{"start":{"line":17,"column":4},"end":{"line":19,"column":null}},"7":{"start":{"line":17,"column":23},"end":{"line":17,"column":51}},"8":{"start":{"line":18,"column":6},"end":{"line":18,"column":null}},"9":{"start":{"line":20,"column":4},"end":{"line":22,"column":null}},"10":{"start":{"line":20,"column":23},"end":{"line":20,"column":75}},"11":{"start":{"line":21,"column":6},"end":{"line":21,"column":null}},"12":{"start":{"line":24,"column":25},"end":{"line":24,"column":null}},"13":{"start":{"line":25,"column":20},"end":{"line":34,"column":null}},"14":{"start":{"line":36,"column":20},"end":{"line":36,"column":null}},"15":{"start":{"line":39,"column":4},"end":{"line":54,"column":null}},"16":{"start":{"line":40,"column":6},"end":{"line":53,"column":null}},"17":{"start":{"line":41,"column":8},"end":{"line":50,"column":null}},"18":{"start":{"line":52,"column":8},"end":{"line":52,"column":null}},"19":{"start":{"line":56,"column":4},"end":{"line":56,"column":null}},"20":{"start":{"line":60,"column":17},"end":{"line":60,"column":null}},"21":{"start":{"line":61,"column":4},"end":{"line":61,"column":null}},"22":{"start":{"line":61,"column":15},"end":{"line":61,"column":null}},"23":{"start":{"line":63,"column":20},"end":{"line":63,"column":null}},"24":{"start":{"line":64,"column":4},"end":{"line":64,"column":null}},"25":{"start":{"line":64,"column":18},"end":{"line":64,"column":null}},"26":{"start":{"line":66,"column":18},"end":{"line":66,"column":null}},"27":{"start":{"line":68,"column":4},"end":{"line":71,"column":null}},"28":{"start":{"line":75,"column":4},"end":{"line":99,"column":null}},"29":{"start":{"line":76,"column":20},"end":{"line":76,"column":null}},"30":{"start":{"line":77,"column":33},"end":{"line":77,"column":null}},"31":{"start":{"line":79,"column":6},"end":{"line":96,"column":null}},"32":{"start":{"line":80,"column":8},"end":{"line":95,"column":null}},"33":{"start":{"line":81,"column":25},"end":{"line":81,"column":null}},"34":{"start":{"line":81,"column":54},"end":{"line":81,"column":98}},"35":{"start":{"line":82,"column":10},"end":{"line":94,"column":null}},"36":{"start":{"line":83,"column":12},"end":{"line":83,"column":null}},"37":{"start":{"line":84,"column":12},"end":{"line":93,"column":null}},"38":{"start":{"line":98,"column":6},"end":{"line":98,"column":null}}},"fnMap":{"0":{"name":"register","decl":{"start":{"line":11,"column":8},"end":{"line":11,"column":17}},"loc":{"start":{"line":11,"column":28},"end":{"line":57,"column":null}},"line":11},"1":{"name":"(anonymous_1)","decl":{"start":{"line":14,"column":13},"end":{"line":14,"column":18}},"loc":{"start":{"line":14,"column":23},"end":{"line":14,"column":47}},"line":14},"2":{"name":"(anonymous_2)","decl":{"start":{"line":17,"column":13},"end":{"line":17,"column":18}},"loc":{"start":{"line":17,"column":23},"end":{"line":17,"column":51}},"line":17},"3":{"name":"(anonymous_3)","decl":{"start":{"line":20,"column":13},"end":{"line":20,"column":18}},"loc":{"start":{"line":20,"column":23},"end":{"line":20,"column":75}},"line":20},"4":{"name":"login","decl":{"start":{"line":59,"column":8},"end":{"line":59,"column":14}},"loc":{"start":{"line":59,"column":48},"end":{"line":72,"column":null}},"line":59},"5":{"name":"syncExistingTransportistas","decl":{"start":{"line":74,"column":8},"end":{"line":74,"column":37}},"loc":{"start":{"line":74,"column":37},"end":{"line":100,"column":null}},"line":74},"6":{"name":"(anonymous_6)","decl":{"start":{"line":81,"column":44},"end":{"line":81,"column":49}},"loc":{"start":{"line":81,"column":54},"end":{"line":81,"column":98}},"line":81}},"branchMap":{"0":{"loc":{"start":{"line":14,"column":4},"end":{"line":16,"column":null}},"type":"if","locations":[{"start":{"line":14,"column":4},"end":{"line":16,"column":null}},{"start":{},"end":{}}],"line":14},"1":{"loc":{"start":{"line":17,"column":4},"end":{"line":19,"column":null}},"type":"if","locations":[{"start":{"line":17,"column":4},"end":{"line":19,"column":null}},{"start":{},"end":{}}],"line":17},"2":{"loc":{"start":{"line":20,"column":4},"end":{"line":22,"column":null}},"type":"if","locations":[{"start":{"line":20,"column":4},"end":{"line":22,"column":null}},{"start":{},"end":{}}],"line":20},"3":{"loc":{"start":{"line":32,"column":13},"end":{"line":32,"column":null}},"type":"binary-expr","locations":[{"start":{"line":32,"column":13},"end":{"line":32,"column":27}},{"start":{"line":32,"column":27},"end":{"line":32,"column":null}}],"line":32},"4":{"loc":{"start":{"line":39,"column":4},"end":{"line":54,"column":null}},"type":"if","locations":[{"start":{"line":39,"column":4},"end":{"line":54,"column":null}},{"start":{},"end":{}}],"line":39},"5":{"loc":{"start":{"line":61,"column":4},"end":{"line":61,"column":null}},"type":"if","locations":[{"start":{"line":61,"column":4},"end":{"line":61,"column":null}},{"start":{},"end":{}}],"line":61},"6":{"loc":{"start":{"line":64,"column":4},"end":{"line":64,"column":null}},"type":"if","locations":[{"start":{"line":64,"column":4},"end":{"line":64,"column":null}},{"start":{},"end":{}}],"line":64},"7":{"loc":{"start":{"line":80,"column":8},"end":{"line":95,"column":null}},"type":"if","locations":[{"start":{"line":80,"column":8},"end":{"line":95,"column":null}},{"start":{},"end":{}}],"line":80},"8":{"loc":{"start":{"line":81,"column":54},"end":{"line":81,"column":98}},"type":"binary-expr","locations":[{"start":{"line":81,"column":54},"end":{"line":81,"column":74}},{"start":{"line":81,"column":74},"end":{"line":81,"column":98}}],"line":81},"9":{"loc":{"start":{"line":82,"column":10},"end":{"line":94,"column":null}},"type":"if","locations":[{"start":{"line":82,"column":10},"end":{"line":94,"column":null}},{"start":{},"end":{}}],"line":82}},"s":{"0":23,"1":23,"2":9,"3":9,"4":4,"5":1,"6":8,"7":3,"8":1,"9":7,"10":2,"11":2,"12":5,"13":5,"14":9,"15":5,"16":4,"17":4,"18":1,"19":5,"20":4,"21":4,"22":1,"23":3,"24":3,"25":1,"26":2,"27":2,"28":5,"29":5,"30":4,"31":4,"32":4,"33":3,"34":2,"35":3,"36":1,"37":1,"38":1},"f":{"0":9,"1":4,"2":3,"3":2,"4":4,"5":5,"6":2},"b":{"0":[1,8],"1":[1,7],"2":[2,5],"3":[5,1],"4":[4,1],"5":[1,3],"6":[1,2],"7":[3,1],"8":[2,1],"9":[1,2]},"meta":{"lastBranch":10,"lastFunction":7,"lastStatement":39,"seen":{"s:8:20:8:Infinity":0,"s:9:19:9:Infinity":1,"f:11:8:11:17":0,"s:12:17:12:Infinity":2,"b:14:4:16:Infinity:undefined:undefined:undefined:undefined":0,"s:14:4:16:Infinity":3,"f:14:13:14:18":1,"s:14:23:14:47":4,"s:15:6:15:Infinity":5,"b:17:4:19:Infinity:undefined:undefined:undefined:undefined":1,"s:17:4:19:Infinity":6,"f:17:13:17:18":2,"s:17:23:17:51":7,"s:18:6:18:Infinity":8,"b:20:4:22:Infinity:undefined:undefined:undefined:undefined":2,"s:20:4:22:Infinity":9,"f:20:13:20:18":3,"s:20:23:20:75":10,"s:21:6:21:Infinity":11,"s:24:25:24:Infinity":12,"s:25:20:34:Infinity":13,"b:32:13:32:27:32:27:32:Infinity":3,"s:36:20:36:Infinity":14,"b:39:4:54:Infinity:undefined:undefined:undefined:undefined":4,"s:39:4:54:Infinity":15,"s:40:6:53:Infinity":16,"s:41:8:50:Infinity":17,"s:52:8:52:Infinity":18,"s:56:4:56:Infinity":19,"f:59:8:59:14":4,"s:60:17:60:Infinity":20,"b:61:4:61:Infinity:undefined:undefined:undefined:undefined":5,"s:61:4:61:Infinity":21,"s:61:15:61:Infinity":22,"s:63:20:63:Infinity":23,"b:64:4:64:Infinity:undefined:undefined:undefined:undefined":6,"s:64:4:64:Infinity":24,"s:64:18:64:Infinity":25,"s:66:18:66:Infinity":26,"s:68:4:71:Infinity":27,"f:74:8:74:37":5,"s:75:4:99:Infinity":28,"s:76:20:76:Infinity":29,"s:77:33:77:Infinity":30,"s:79:6:96:Infinity":31,"b:80:8:95:Infinity:undefined:undefined:undefined:undefined":7,"s:80:8:95:Infinity":32,"s:81:25:81:Infinity":33,"f:81:44:81:49":6,"s:81:54:81:98":34,"b:81:54:81:74:81:74:81:98":8,"b:82:10:94:Infinity:undefined:undefined:undefined:undefined":9,"s:82:10:94:Infinity":35,"s:83:12:83:Infinity":36,"s:84:12:93:Infinity":37,"s:98:6:98:Infinity":38},"fnNames":{}}}
,"C:\\Users\\LENOVO\\Documents\\Nueva carpeta (3)\\AlejandroObando_30723_G0_ADSW\\3.CODIGO\\TransControl\\backend\\src\\business\\services\\DocumentoService.ts": {"path":"C:\\Users\\LENOVO\\Documents\\Nueva carpeta (3)\\AlejandroObando_30723_G0_ADSW\\3.CODIGO\\TransControl\\backend\\src\\business\\services\\DocumentoService.ts","statementMap":{"0":{"start":{"line":6,"column":22},"end":{"line":6,"column":50}},"1":{"start":{"line":9,"column":27},"end":{"line":17,"column":null}},"2":{"start":{"line":18,"column":4},"end":{"line":18,"column":null}},"3":{"start":{"line":22,"column":4},"end":{"line":22,"column":null}},"4":{"start":{"line":26,"column":18},"end":{"line":26,"column":null}},"5":{"start":{"line":27,"column":34},"end":{"line":27,"column":null}},"6":{"start":{"line":29,"column":4},"end":{"line":93,"column":null}},"7":{"start":{"line":30,"column":20},"end":{"line":30,"column":null}},"8":{"start":{"line":30,"column":55},"end":{"line":30,"column":66}},"9":{"start":{"line":30,"column":83},"end":{"line":30,"column":94}},"10":{"start":{"line":31,"column":6},"end":{"line":66,"column":null}},"11":{"start":{"line":33,"column":24},"end":{"line":33,"column":null}},"12":{"start":{"line":33,"column":53},"end":{"line":33,"column":89}},"13":{"start":{"line":34,"column":8},"end":{"line":65,"column":null}},"14":{"start":{"line":34,"column":21},"end":{"line":34,"column":24}},"15":{"start":{"line":35,"column":23},"end":{"line":35,"column":null}},"16":{"start":{"line":35,"column":52},"end":{"line":35,"column":88}},"17":{"start":{"line":36,"column":10},"end":{"line":64,"column":null}},"18":{"start":{"line":37,"column":33},"end":{"line":37,"column":null}},"19":{"start":{"line":38,"column":12},"end":{"line":40,"column":null}},"20":{"start":{"line":39,"column":14},"end":{"line":39,"column":null}},"21":{"start":{"line":43,"column":23},"end":{"line":43,"column":null}},"22":{"start":{"line":44,"column":12},"end":{"line":46,"column":null}},"23":{"start":{"line":45,"column":14},"end":{"line":45,"column":null}},"24":{"start":{"line":49,"column":25},"end":{"line":49,"column":null}},"25":{"start":{"line":50,"column":12},"end":{"line":52,"column":null}},"26":{"start":{"line":51,"column":14},"end":{"line":51,"column":null}},"27":{"start":{"line":54,"column":35},"end":{"line":62,"column":null}},"28":{"start":{"line":63,"column":12},"end":{"line":63,"column":null}},"29":{"start":{"line":69,"column":21},"end":{"line":69,"column":null}},"30":{"start":{"line":70,"column":20},"end":{"line":70,"column":null}},"31":{"start":{"line":71,"column":6},"end":{"line":92,"column":null}},"32":{"start":{"line":72,"column":19},"end":{"line":72,"column":null}},"33":{"start":{"line":73,"column":8},"end":{"line":75,"column":null}},"34":{"start":{"line":74,"column":10},"end":{"line":74,"column":null}},"35":{"start":{"line":77,"column":21},"end":{"line":77,"column":null}},"36":{"start":{"line":78,"column":8},"end":{"line":80,"column":null}},"37":{"start":{"line":79,"column":10},"end":{"line":79,"column":null}},"38":{"start":{"line":82,"column":31},"end":{"line":90,"column":null}},"39":{"start":{"line":91,"column":8},"end":{"line":91,"column":null}},"40":{"start":{"line":95,"column":4},"end":{"line":95,"column":null}},"41":{"start":{"line":99,"column":16},"end":{"line":99,"column":null}},"42":{"start":{"line":100,"column":4},"end":{"line":100,"column":null}},"43":{"start":{"line":100,"column":14},"end":{"line":100,"column":null}},"44":{"start":{"line":103,"column":4},"end":{"line":110,"column":null}},"45":{"start":{"line":104,"column":17},"end":{"line":104,"column":null}},"46":{"start":{"line":105,"column":19},"end":{"line":105,"column":null}},"47":{"start":{"line":106,"column":27},"end":{"line":106,"column":null}},"48":{"start":{"line":107,"column":6},"end":{"line":109,"column":null}},"49":{"start":{"line":108,"column":8},"end":{"line":108,"column":null}},"50":{"start":{"line":112,"column":4},"end":{"line":112,"column":null}}},"fnMap":{"0":{"name":"constructor","decl":{"start":{"line":6,"column":2},"end":{"line":6,"column":14}},"loc":{"start":{"line":6,"column":50},"end":{"line":6,"column":null}},"line":6},"1":{"name":"create","decl":{"start":{"line":8,"column":8},"end":{"line":8,"column":15}},"loc":{"start":{"line":8,"column":97},"end":{"line":19,"column":null}},"line":8},"2":{"name":"getAll","decl":{"start":{"line":21,"column":8},"end":{"line":21,"column":39}},"loc":{"start":{"line":21,"column":39},"end":{"line":23,"column":null}},"line":21},"3":{"name":"importFromJsonOrCsv","decl":{"start":{"line":25,"column":8},"end":{"line":25,"column":28}},"loc":{"start":{"line":25,"column":85},"end":{"line":96,"column":null}},"line":25},"4":{"name":"(anonymous_4)","decl":{"start":{"line":30,"column":43},"end":{"line":30,"column":47}},"loc":{"start":{"line":30,"column":55},"end":{"line":30,"column":66}},"line":30},"5":{"name":"(anonymous_5)","decl":{"start":{"line":30,"column":68},"end":{"line":30,"column":75}},"loc":{"start":{"line":30,"column":83},"end":{"line":30,"column":94}},"line":30},"6":{"name":"(anonymous_6)","decl":{"start":{"line":33,"column":44},"end":{"line":33,"column":48}},"loc":{"start":{"line":33,"column":53},"end":{"line":33,"column":89}},"line":33},"7":{"name":"(anonymous_7)","decl":{"start":{"line":35,"column":43},"end":{"line":35,"column":47}},"loc":{"start":{"line":35,"column":52},"end":{"line":35,"column":88}},"line":35},"8":{"name":"(anonymous_8)","decl":{"start":{"line":38,"column":20},"end":{"line":38,"column":29}},"loc":{"start":{"line":38,"column":45},"end":{"line":40,"column":13}},"line":38},"9":{"name":"delete","decl":{"start":{"line":98,"column":8},"end":{"line":98,"column":15}},"loc":{"start":{"line":98,"column":45},"end":{"line":113,"column":null}},"line":98},"10":{"name":"(anonymous_10)","decl":{"start":{"line":107,"column":36},"end":{"line":107,"column":43}},"loc":{"start":{"line":107,"column":56},"end":{"line":109,"column":7}},"line":107}},"branchMap":{"0":{"loc":{"start":{"line":12,"column":15},"end":{"line":12,"column":null}},"type":"binary-expr","locations":[{"start":{"line":12,"column":15},"end":{"line":12,"column":38}},{"start":{"line":12,"column":38},"end":{"line":12,"column":null}}],"line":12},"1":{"loc":{"start":{"line":13,"column":19},"end":{"line":13,"column":null}},"type":"binary-expr","locations":[{"start":{"line":13,"column":19},"end":{"line":13,"column":39}},{"start":{"line":13,"column":39},"end":{"line":13,"column":null}}],"line":13},"2":{"loc":{"start":{"line":29,"column":4},"end":{"line":93,"column":null}},"type":"if","locations":[{"start":{"line":29,"column":4},"end":{"line":93,"column":null}},{"start":{"line":67,"column":11},"end":{"line":93,"column":null}}],"line":29},"3":{"loc":{"start":{"line":31,"column":6},"end":{"line":66,"column":null}},"type":"if","locations":[{"start":{"line":31,"column":6},"end":{"line":66,"column":null}},{"start":{},"end":{}}],"line":31},"4":{"loc":{"start":{"line":36,"column":10},"end":{"line":64,"column":null}},"type":"if","locations":[{"start":{"line":36,"column":10},"end":{"line":64,"column":null}},{"start":{},"end":{}}],"line":36},"5":{"loc":{"start":{"line":44,"column":12},"end":{"line":46,"column":null}},"type":"if","locations":[{"start":{"line":44,"column":12},"end":{"line":46,"column":null}},{"start":{},"end":{}}],"line":44},"6":{"loc":{"start":{"line":50,"column":12},"end":{"line":52,"column":null}},"type":"if","locations":[{"start":{"line":50,"column":12},"end":{"line":52,"column":null}},{"start":{},"end":{}}],"line":50},"7":{"loc":{"start":{"line":58,"column":27},"end":{"line":58,"column":null}},"type":"binary-expr","locations":[{"start":{"line":58,"column":27},"end":{"line":58,"column":50}},{"start":{"line":58,"column":50},"end":{"line":58,"column":null}}],"line":58},"8":{"loc":{"start":{"line":59,"column":31},"end":{"line":59,"column":null}},"type":"binary-expr","locations":[{"start":{"line":59,"column":31},"end":{"line":59,"column":58}},{"start":{"line":59,"column":58},"end":{"line":59,"column":null}}],"line":59},"9":{"loc":{"start":{"line":60,"column":26},"end":{"line":60,"column":null}},"type":"binary-expr","locations":[{"start":{"line":60,"column":26},"end":{"line":60,"column":48}},{"start":{"line":60,"column":48},"end":{"line":60,"column":null}}],"line":60},"10":{"loc":{"start":{"line":61,"column":27},"end":{"line":61,"column":null}},"type":"binary-expr","locations":[{"start":{"line":61,"column":27},"end":{"line":61,"column":50}},{"start":{"line":61,"column":50},"end":{"line":61,"column":null}}],"line":61},"11":{"loc":{"start":{"line":70,"column":20},"end":{"line":70,"column":null}},"type":"cond-expr","locations":[{"start":{"line":70,"column":44},"end":{"line":70,"column":53}},{"start":{"line":70,"column":53},"end":{"line":70,"column":null}}],"line":70},"12":{"loc":{"start":{"line":73,"column":8},"end":{"line":75,"column":null}},"type":"if","locations":[{"start":{"line":73,"column":8},"end":{"line":75,"column":null}},{"start":{},"end":{}}],"line":73},"13":{"loc":{"start":{"line":78,"column":8},"end":{"line":80,"column":null}},"type":"if","locations":[{"start":{"line":78,"column":8},"end":{"line":80,"column":null}},{"start":{},"end":{}}],"line":78},"14":{"loc":{"start":{"line":86,"column":23},"end":{"line":86,"column":null}},"type":"binary-expr","locations":[{"start":{"line":86,"column":23},"end":{"line":86,"column":43}},{"start":{"line":86,"column":43},"end":{"line":86,"column":null}}],"line":86},"15":{"loc":{"start":{"line":87,"column":27},"end":{"line":87,"column":null}},"type":"binary-expr","locations":[{"start":{"line":87,"column":27},"end":{"line":87,"column":51}},{"start":{"line":87,"column":51},"end":{"line":87,"column":null}}],"line":87},"16":{"loc":{"start":{"line":88,"column":22},"end":{"line":88,"column":null}},"type":"binary-expr","locations":[{"start":{"line":88,"column":22},"end":{"line":88,"column":41}},{"start":{"line":88,"column":41},"end":{"line":88,"column":null}}],"line":88},"17":{"loc":{"start":{"line":89,"column":23},"end":{"line":89,"column":null}},"type":"binary-expr","locations":[{"start":{"line":89,"column":23},"end":{"line":89,"column":43}},{"start":{"line":89,"column":43},"end":{"line":89,"column":null}}],"line":89},"18":{"loc":{"start":{"line":100,"column":4},"end":{"line":100,"column":null}},"type":"if","locations":[{"start":{"line":100,"column":4},"end":{"line":100,"column":null}},{"start":{},"end":{}}],"line":100},"19":{"loc":{"start":{"line":103,"column":4},"end":{"line":110,"column":null}},"type":"if","locations":[{"start":{"line":103,"column":4},"end":{"line":110,"column":null}},{"start":{},"end":{}}],"line":103},"20":{"loc":{"start":{"line":103,"column":8},"end":{"line":103,"column":67}},"type":"binary-expr","locations":[{"start":{"line":103,"column":8},"end":{"line":103,"column":27}},{"start":{"line":103,"column":27},"end":{"line":103,"column":67}}],"line":103}},"s":{"0":17,"1":4,"2":4,"3":2,"4":8,"5":8,"6":8,"7":4,"8":8,"9":8,"10":4,"11":3,"12":13,"13":3,"14":3,"15":4,"16":18,"17":4,"18":4,"19":4,"20":18,"21":4,"22":4,"23":1,"24":4,"25":4,"26":1,"27":4,"28":4,"29":4,"30":4,"31":4,"32":5,"33":5,"34":1,"35":5,"36":5,"37":1,"38":5,"39":5,"40":8,"41":3,"42":3,"43":1,"44":2,"45":1,"46":1,"47":1,"48":1,"49":1,"50":2},"f":{"0":17,"1":4,"2":2,"3":8,"4":8,"5":8,"6":13,"7":18,"8":18,"9":3,"10":1},"b":{"0":[4,3],"1":[4,1],"2":[4,4],"3":[3,1],"4":[4,0],"5":[1,3],"6":[1,3],"7":[4,0],"8":[4,0],"9":[4,4],"10":[4,2],"11":[3,1],"12":[1,4],"13":[1,4],"14":[5,0],"15":[5,0],"16":[5,5],"17":[5,5],"18":[1,2],"19":[1,1],"20":[2,2]},"meta":{"lastBranch":21,"lastFunction":11,"lastStatement":51,"seen":{"f:6:2:6:14":0,"s:6:22:6:50":0,"f:8:8:8:15":1,"s:9:27:17:Infinity":1,"b:12:15:12:38:12:38:12:Infinity":0,"b:13:19:13:39:13:39:13:Infinity":1,"s:18:4:18:Infinity":2,"f:21:8:21:39":2,"s:22:4:22:Infinity":3,"f:25:8:25:28":3,"s:26:18:26:Infinity":4,"s:27:34:27:Infinity":5,"b:29:4:93:Infinity:67:11:93:Infinity":2,"s:29:4:93:Infinity":6,"s:30:20:30:Infinity":7,"f:30:43:30:47":4,"s:30:55:30:66":8,"f:30:68:30:75":5,"s:30:83:30:94":9,"b:31:6:66:Infinity:undefined:undefined:undefined:undefined":3,"s:31:6:66:Infinity":10,"s:33:24:33:Infinity":11,"f:33:44:33:48":6,"s:33:53:33:89":12,"s:34:8:65:Infinity":13,"s:34:21:34:24":14,"s:35:23:35:Infinity":15,"f:35:43:35:47":7,"s:35:52:35:88":16,"b:36:10:64:Infinity:undefined:undefined:undefined:undefined":4,"s:36:10:64:Infinity":17,"s:37:33:37:Infinity":18,"s:38:12:40:Infinity":19,"f:38:20:38:29":8,"s:39:14:39:Infinity":20,"s:43:23:43:Infinity":21,"b:44:12:46:Infinity:undefined:undefined:undefined:undefined":5,"s:44:12:46:Infinity":22,"s:45:14:45:Infinity":23,"s:49:25:49:Infinity":24,"b:50:12:52:Infinity:undefined:undefined:undefined:undefined":6,"s:50:12:52:Infinity":25,"s:51:14:51:Infinity":26,"s:54:35:62:Infinity":27,"b:58:27:58:50:58:50:58:Infinity":7,"b:59:31:59:58:59:58:59:Infinity":8,"b:60:26:60:48:60:48:60:Infinity":9,"b:61:27:61:50:61:50:61:Infinity":10,"s:63:12:63:Infinity":28,"s:69:21:69:Infinity":29,"s:70:20:70:Infinity":30,"b:70:44:70:53:70:53:70:Infinity":11,"s:71:6:92:Infinity":31,"s:72:19:72:Infinity":32,"b:73:8:75:Infinity:undefined:undefined:undefined:undefined":12,"s:73:8:75:Infinity":33,"s:74:10:74:Infinity":34,"s:77:21:77:Infinity":35,"b:78:8:80:Infinity:undefined:undefined:undefined:undefined":13,"s:78:8:80:Infinity":36,"s:79:10:79:Infinity":37,"s:82:31:90:Infinity":38,"b:86:23:86:43:86:43:86:Infinity":14,"b:87:27:87:51:87:51:87:Infinity":15,"b:88:22:88:41:88:41:88:Infinity":16,"b:89:23:89:43:89:43:89:Infinity":17,"s:91:8:91:Infinity":39,"s:95:4:95:Infinity":40,"f:98:8:98:15":9,"s:99:16:99:Infinity":41,"b:100:4:100:Infinity:undefined:undefined:undefined:undefined":18,"s:100:4:100:Infinity":42,"s:100:14:100:Infinity":43,"b:103:4:110:Infinity:undefined:undefined:undefined:undefined":19,"s:103:4:110:Infinity":44,"b:103:8:103:27:103:27:103:67":20,"s:104:17:104:Infinity":45,"s:105:19:105:Infinity":46,"s:106:27:106:Infinity":47,"s:107:6:109:Infinity":48,"f:107:36:107:43":10,"s:108:8:108:Infinity":49,"s:112:4:112:Infinity":50},"fnNames":{}}}
,"C:\\Users\\LENOVO\\Documents\\Nueva carpeta (3)\\AlejandroObando_30723_G0_ADSW\\3.CODIGO\\TransControl\\backend\\src\\business\\services\\TransportistaService.ts": {"path":"C:\\Users\\LENOVO\\Documents\\Nueva carpeta (3)\\AlejandroObando_30723_G0_ADSW\\3.CODIGO\\TransControl\\backend\\src\\business\\services\\TransportistaService.ts","statementMap":{"0":{"start":{"line":10,"column":4},"end":{"line":10,"column":null}},"1":{"start":{"line":14,"column":17},"end":{"line":14,"column":null}},"2":{"start":{"line":16,"column":4},"end":{"line":18,"column":null}},"3":{"start":{"line":16,"column":23},"end":{"line":16,"column":47}},"4":{"start":{"line":17,"column":6},"end":{"line":17,"column":null}},"5":{"start":{"line":19,"column":4},"end":{"line":21,"column":null}},"6":{"start":{"line":19,"column":23},"end":{"line":19,"column":51}},"7":{"start":{"line":20,"column":6},"end":{"line":20,"column":null}},"8":{"start":{"line":22,"column":4},"end":{"line":24,"column":null}},"9":{"start":{"line":22,"column":23},"end":{"line":22,"column":75}},"10":{"start":{"line":23,"column":6},"end":{"line":23,"column":null}},"11":{"start":{"line":25,"column":4},"end":{"line":29,"column":null}},"12":{"start":{"line":26,"column":6},"end":{"line":28,"column":null}},"13":{"start":{"line":26,"column":25},"end":{"line":26,"column":108}},"14":{"start":{"line":27,"column":8},"end":{"line":27,"column":null}},"15":{"start":{"line":31,"column":33},"end":{"line":34,"column":null}},"16":{"start":{"line":35,"column":4},"end":{"line":35,"column":null}},"17":{"start":{"line":39,"column":4},"end":{"line":39,"column":null}},"18":{"start":{"line":43,"column":4},"end":{"line":43,"column":null}},"19":{"start":{"line":47,"column":17},"end":{"line":47,"column":null}},"20":{"start":{"line":48,"column":25},"end":{"line":48,"column":null}},"21":{"start":{"line":48,"column":42},"end":{"line":48,"column":53}},"22":{"start":{"line":50,"column":4},"end":{"line":52,"column":null}},"23":{"start":{"line":50,"column":46},"end":{"line":50,"column":70}},"24":{"start":{"line":51,"column":6},"end":{"line":51,"column":null}},"25":{"start":{"line":53,"column":4},"end":{"line":55,"column":null}},"26":{"start":{"line":53,"column":48},"end":{"line":53,"column":76}},"27":{"start":{"line":54,"column":6},"end":{"line":54,"column":null}},"28":{"start":{"line":56,"column":4},"end":{"line":58,"column":null}},"29":{"start":{"line":56,"column":46},"end":{"line":56,"column":99}},"30":{"start":{"line":57,"column":6},"end":{"line":57,"column":null}},"31":{"start":{"line":59,"column":4},"end":{"line":63,"column":null}},"32":{"start":{"line":60,"column":6},"end":{"line":62,"column":null}},"33":{"start":{"line":60,"column":33},"end":{"line":60,"column":116}},"34":{"start":{"line":61,"column":8},"end":{"line":61,"column":null}},"35":{"start":{"line":65,"column":4},"end":{"line":65,"column":null}},"36":{"start":{"line":69,"column":4},"end":{"line":69,"column":null}}},"fnMap":{"0":{"name":"constructor","decl":{"start":{"line":8,"column":2},"end":{"line":8,"column":14}},"loc":{"start":{"line":8,"column":52},"end":{"line":11,"column":null}},"line":8},"1":{"name":"create","decl":{"start":{"line":13,"column":8},"end":{"line":13,"column":15}},"loc":{"start":{"line":13,"column":72},"end":{"line":36,"column":null}},"line":13},"2":{"name":"(anonymous_2)","decl":{"start":{"line":16,"column":13},"end":{"line":16,"column":18}},"loc":{"start":{"line":16,"column":23},"end":{"line":16,"column":47}},"line":16},"3":{"name":"(anonymous_3)","decl":{"start":{"line":19,"column":13},"end":{"line":19,"column":18}},"loc":{"start":{"line":19,"column":23},"end":{"line":19,"column":51}},"line":19},"4":{"name":"(anonymous_4)","decl":{"start":{"line":22,"column":13},"end":{"line":22,"column":18}},"loc":{"start":{"line":22,"column":23},"end":{"line":22,"column":75}},"line":22},"5":{"name":"(anonymous_5)","decl":{"start":{"line":26,"column":15},"end":{"line":26,"column":20}},"loc":{"start":{"line":26,"column":25},"end":{"line":26,"column":108}},"line":26},"6":{"name":"getAll","decl":{"start":{"line":38,"column":8},"end":{"line":38,"column":43}},"loc":{"start":{"line":38,"column":43},"end":{"line":40,"column":null}},"line":38},"7":{"name":"getById","decl":{"start":{"line":42,"column":8},"end":{"line":42,"column":16}},"loc":{"start":{"line":42,"column":59},"end":{"line":44,"column":null}},"line":42},"8":{"name":"update","decl":{"start":{"line":46,"column":8},"end":{"line":46,"column":15}},"loc":{"start":{"line":46,"column":88},"end":{"line":66,"column":null}},"line":46},"9":{"name":"(anonymous_9)","decl":{"start":{"line":48,"column":30},"end":{"line":48,"column":37}},"loc":{"start":{"line":48,"column":42},"end":{"line":48,"column":53}},"line":48},"10":{"name":"(anonymous_10)","decl":{"start":{"line":50,"column":36},"end":{"line":50,"column":41}},"loc":{"start":{"line":50,"column":46},"end":{"line":50,"column":70}},"line":50},"11":{"name":"(anonymous_11)","decl":{"start":{"line":53,"column":38},"end":{"line":53,"column":43}},"loc":{"start":{"line":53,"column":48},"end":{"line":53,"column":76}},"line":53},"12":{"name":"(anonymous_12)","decl":{"start":{"line":56,"column":36},"end":{"line":56,"column":41}},"loc":{"start":{"line":56,"column":46},"end":{"line":56,"column":99}},"line":56},"13":{"name":"(anonymous_13)","decl":{"start":{"line":60,"column":23},"end":{"line":60,"column":28}},"loc":{"start":{"line":60,"column":33},"end":{"line":60,"column":116}},"line":60},"14":{"name":"delete","decl":{"start":{"line":68,"column":8},"end":{"line":68,"column":15}},"loc":{"start":{"line":68,"column":45},"end":{"line":70,"column":null}},"line":68}},"branchMap":{"0":{"loc":{"start":{"line":16,"column":4},"end":{"line":18,"column":null}},"type":"if","locations":[{"start":{"line":16,"column":4},"end":{"line":18,"column":null}},{"start":{},"end":{}}],"line":16},"1":{"loc":{"start":{"line":19,"column":4},"end":{"line":21,"column":null}},"type":"if","locations":[{"start":{"line":19,"column":4},"end":{"line":21,"column":null}},{"start":{},"end":{}}],"line":19},"2":{"loc":{"start":{"line":22,"column":4},"end":{"line":24,"column":null}},"type":"if","locations":[{"start":{"line":22,"column":4},"end":{"line":24,"column":null}},{"start":{},"end":{}}],"line":22},"3":{"loc":{"start":{"line":25,"column":4},"end":{"line":29,"column":null}},"type":"if","locations":[{"start":{"line":25,"column":4},"end":{"line":29,"column":null}},{"start":{},"end":{}}],"line":25},"4":{"loc":{"start":{"line":26,"column":6},"end":{"line":28,"column":null}},"type":"if","locations":[{"start":{"line":26,"column":6},"end":{"line":28,"column":null}},{"start":{},"end":{}}],"line":26},"5":{"loc":{"start":{"line":26,"column":25},"end":{"line":26,"column":108}},"type":"binary-expr","locations":[{"start":{"line":26,"column":25},"end":{"line":26,"column":39}},{"start":{"line":26,"column":39},"end":{"line":26,"column":108}}],"line":26},"6":{"loc":{"start":{"line":50,"column":4},"end":{"line":52,"column":null}},"type":"if","locations":[{"start":{"line":50,"column":4},"end":{"line":52,"column":null}},{"start":{},"end":{}}],"line":50},"7":{"loc":{"start":{"line":50,"column":8},"end":{"line":50,"column":73}},"type":"binary-expr","locations":[{"start":{"line":50,"column":8},"end":{"line":50,"column":23}},{"start":{"line":50,"column":23},"end":{"line":50,"column":73}}],"line":50},"8":{"loc":{"start":{"line":53,"column":4},"end":{"line":55,"column":null}},"type":"if","locations":[{"start":{"line":53,"column":4},"end":{"line":55,"column":null}},{"start":{},"end":{}}],"line":53},"9":{"loc":{"start":{"line":53,"column":8},"end":{"line":53,"column":79}},"type":"binary-expr","locations":[{"start":{"line":53,"column":8},"end":{"line":53,"column":25}},{"start":{"line":53,"column":25},"end":{"line":53,"column":79}}],"line":53},"10":{"loc":{"start":{"line":56,"column":4},"end":{"line":58,"column":null}},"type":"if","locations":[{"start":{"line":56,"column":4},"end":{"line":58,"column":null}},{"start":{},"end":{}}],"line":56},"11":{"loc":{"start":{"line":56,"column":8},"end":{"line":56,"column":102}},"type":"binary-expr","locations":[{"start":{"line":56,"column":8},"end":{"line":56,"column":23}},{"start":{"line":56,"column":23},"end":{"line":56,"column":102}}],"line":56},"12":{"loc":{"start":{"line":59,"column":4},"end":{"line":63,"column":null}},"type":"if","locations":[{"start":{"line":59,"column":4},"end":{"line":63,"column":null}},{"start":{},"end":{}}],"line":59},"13":{"loc":{"start":{"line":60,"column":6},"end":{"line":62,"column":null}},"type":"if","locations":[{"start":{"line":60,"column":6},"end":{"line":62,"column":null}},{"start":{},"end":{}}],"line":60},"14":{"loc":{"start":{"line":60,"column":33},"end":{"line":60,"column":116}},"type":"binary-expr","locations":[{"start":{"line":60,"column":33},"end":{"line":60,"column":47}},{"start":{"line":60,"column":47},"end":{"line":60,"column":116}}],"line":60}},"s":{"0":18,"1":6,"2":6,"3":4,"4":1,"5":5,"6":3,"7":1,"8":4,"9":2,"10":1,"11":3,"12":2,"13":1,"14":1,"15":2,"16":2,"17":2,"18":2,"19":6,"20":6,"21":11,"22":6,"23":2,"24":1,"25":5,"26":1,"27":1,"28":4,"29":1,"30":1,"31":3,"32":1,"33":1,"34":1,"35":2,"36":2},"f":{"0":18,"1":6,"2":4,"3":3,"4":2,"5":1,"6":2,"7":2,"8":6,"9":11,"10":2,"11":1,"12":1,"13":1,"14":2},"b":{"0":[1,5],"1":[1,4],"2":[1,3],"3":[2,1],"4":[1,1],"5":[1,1],"6":[1,5],"7":[6,2],"8":[1,4],"9":[5,1],"10":[1,3],"11":[4,1],"12":[1,2],"13":[1,0],"14":[1,1]},"meta":{"lastBranch":15,"lastFunction":15,"lastStatement":37,"seen":{"f:8:2:8:14":0,"s:10:4:10:Infinity":0,"f:13:8:13:15":1,"s:14:17:14:Infinity":1,"b:16:4:18:Infinity:undefined:undefined:undefined:undefined":0,"s:16:4:18:Infinity":2,"f:16:13:16:18":2,"s:16:23:16:47":3,"s:17:6:17:Infinity":4,"b:19:4:21:Infinity:undefined:undefined:undefined:undefined":1,"s:19:4:21:Infinity":5,"f:19:13:19:18":3,"s:19:23:19:51":6,"s:20:6:20:Infinity":7,"b:22:4:24:Infinity:undefined:undefined:undefined:undefined":2,"s:22:4:24:Infinity":8,"f:22:13:22:18":4,"s:22:23:22:75":9,"s:23:6:23:Infinity":10,"b:25:4:29:Infinity:undefined:undefined:undefined:undefined":3,"s:25:4:29:Infinity":11,"b:26:6:28:Infinity:undefined:undefined:undefined:undefined":4,"s:26:6:28:Infinity":12,"f:26:15:26:20":5,"s:26:25:26:108":13,"b:26:25:26:39:26:39:26:108":5,"s:27:8:27:Infinity":14,"s:31:33:34:Infinity":15,"s:35:4:35:Infinity":16,"f:38:8:38:43":6,"s:39:4:39:Infinity":17,"f:42:8:42:16":7,"s:43:4:43:Infinity":18,"f:46:8:46:15":8,"s:47:17:47:Infinity":19,"s:48:25:48:Infinity":20,"f:48:30:48:37":9,"s:48:42:48:53":21,"b:50:4:52:Infinity:undefined:undefined:undefined:undefined":6,"s:50:4:52:Infinity":22,"b:50:8:50:23:50:23:50:73":7,"f:50:36:50:41":10,"s:50:46:50:70":23,"s:51:6:51:Infinity":24,"b:53:4:55:Infinity:undefined:undefined:undefined:undefined":8,"s:53:4:55:Infinity":25,"b:53:8:53:25:53:25:53:79":9,"f:53:38:53:43":11,"s:53:48:53:76":26,"s:54:6:54:Infinity":27,"b:56:4:58:Infinity:undefined:undefined:undefined:undefined":10,"s:56:4:58:Infinity":28,"b:56:8:56:23:56:23:56:102":11,"f:56:36:56:41":12,"s:56:46:56:99":29,"s:57:6:57:Infinity":30,"b:59:4:63:Infinity:undefined:undefined:undefined:undefined":12,"s:59:4:63:Infinity":31,"b:60:6:62:Infinity:undefined:undefined:undefined:undefined":13,"s:60:6:62:Infinity":32,"f:60:23:60:28":13,"s:60:33:60:116":33,"b:60:33:60:47:60:47:60:116":14,"s:61:8:61:Infinity":34,"s:65:4:65:Infinity":35,"f:68:8:68:15":14,"s:69:4:69:Infinity":36},"fnNames":{}}}
,"C:\\Users\\LENOVO\\Documents\\Nueva carpeta (3)\\AlejandroObando_30723_G0_ADSW\\3.CODIGO\\TransControl\\backend\\src\\business\\services\\ViajeService.ts": {"path":"C:\\Users\\LENOVO\\Documents\\Nueva carpeta (3)\\AlejandroObando_30723_G0_ADSW\\3.CODIGO\\TransControl\\backend\\src\\business\\services\\ViajeService.ts","statementMap":{"0":{"start":{"line":12,"column":4},"end":{"line":12,"column":null}},"1":{"start":{"line":13,"column":4},"end":{"line":13,"column":null}},"2":{"start":{"line":17,"column":39},"end":{"line":17,"column":null}},"3":{"start":{"line":20,"column":24},"end":{"line":20,"column":null}},"4":{"start":{"line":21,"column":4},"end":{"line":38,"column":null}},"5":{"start":{"line":23,"column":6},"end":{"line":28,"column":null}},"6":{"start":{"line":24,"column":23},"end":{"line":24,"column":65}},"7":{"start":{"line":24,"column":65},"end":{"line":24,"column":null}},"8":{"start":{"line":25,"column":22},"end":{"line":25,"column":69}},"9":{"start":{"line":25,"column":69},"end":{"line":25,"column":null}},"10":{"start":{"line":27,"column":17},"end":{"line":27,"column":59}},"11":{"start":{"line":27,"column":59},"end":{"line":27,"column":null}},"12":{"start":{"line":29,"column":26},"end":{"line":29,"column":null}},"13":{"start":{"line":30,"column":24},"end":{"line":30,"column":null}},"14":{"start":{"line":31,"column":6},"end":{"line":37,"column":null}},"15":{"start":{"line":40,"column":25},"end":{"line":46,"column":null}},"16":{"start":{"line":47,"column":24},"end":{"line":47,"column":null}},"17":{"start":{"line":50,"column":4},"end":{"line":50,"column":null}},"18":{"start":{"line":52,"column":4},"end":{"line":52,"column":null}},"19":{"start":{"line":56,"column":4},"end":{"line":56,"column":null}},"20":{"start":{"line":60,"column":4},"end":{"line":60,"column":null}},"21":{"start":{"line":64,"column":24},"end":{"line":67,"column":null}},"22":{"start":{"line":68,"column":4},"end":{"line":70,"column":null}},"23":{"start":{"line":69,"column":6},"end":{"line":69,"column":null}},"24":{"start":{"line":71,"column":4},"end":{"line":71,"column":null}},"25":{"start":{"line":75,"column":24},"end":{"line":75,"column":null}},"26":{"start":{"line":76,"column":4},"end":{"line":78,"column":null}},"27":{"start":{"line":77,"column":6},"end":{"line":77,"column":null}},"28":{"start":{"line":79,"column":4},"end":{"line":79,"column":null}},"29":{"start":{"line":83,"column":24},"end":{"line":85,"column":null}},"30":{"start":{"line":86,"column":4},"end":{"line":88,"column":null}},"31":{"start":{"line":87,"column":6},"end":{"line":87,"column":null}},"32":{"start":{"line":89,"column":4},"end":{"line":89,"column":null}},"33":{"start":{"line":93,"column":20},"end":{"line":93,"column":null}},"34":{"start":{"line":94,"column":4},"end":{"line":96,"column":null}},"35":{"start":{"line":95,"column":6},"end":{"line":95,"column":null}},"36":{"start":{"line":97,"column":4},"end":{"line":97,"column":null}}},"fnMap":{"0":{"name":"constructor","decl":{"start":{"line":11,"column":2},"end":{"line":11,"column":14}},"loc":{"start":{"line":11,"column":68},"end":{"line":14,"column":null}},"line":11},"1":{"name":"create","decl":{"start":{"line":16,"column":8},"end":{"line":16,"column":15}},"loc":{"start":{"line":16,"column":109},"end":{"line":53,"column":null}},"line":16},"2":{"name":"getAll","decl":{"start":{"line":55,"column":8},"end":{"line":55,"column":35}},"loc":{"start":{"line":55,"column":35},"end":{"line":57,"column":null}},"line":55},"3":{"name":"update","decl":{"start":{"line":59,"column":8},"end":{"line":59,"column":15}},"loc":{"start":{"line":59,"column":72},"end":{"line":61,"column":null}},"line":59},"4":{"name":"assignTransportista","decl":{"start":{"line":63,"column":8},"end":{"line":63,"column":28}},"loc":{"start":{"line":63,"column":93},"end":{"line":72,"column":null}},"line":63},"5":{"name":"cancel","decl":{"start":{"line":74,"column":8},"end":{"line":74,"column":15}},"loc":{"start":{"line":74,"column":50},"end":{"line":80,"column":null}},"line":74},"6":{"name":"reschedule","decl":{"start":{"line":82,"column":8},"end":{"line":82,"column":19}},"loc":{"start":{"line":82,"column":79},"end":{"line":90,"column":null}},"line":82},"7":{"name":"delete","decl":{"start":{"line":92,"column":8},"end":{"line":92,"column":15}},"loc":{"start":{"line":92,"column":45},"end":{"line":98,"column":null}},"line":92}},"branchMap":{"0":{"loc":{"start":{"line":21,"column":4},"end":{"line":38,"column":null}},"type":"if","locations":[{"start":{"line":21,"column":4},"end":{"line":38,"column":null}},{"start":{},"end":{}}],"line":21},"1":{"loc":{"start":{"line":23,"column":6},"end":{"line":28,"column":null}},"type":"switch","locations":[{"start":{"line":24,"column":8},"end":{"line":24,"column":null}},{"start":{"line":25,"column":8},"end":{"line":25,"column":null}},{"start":{"line":26,"column":8},"end":{"line":26,"column":null}},{"start":{"line":27,"column":8},"end":{"line":27,"column":null}}],"line":23},"2":{"loc":{"start":{"line":68,"column":4},"end":{"line":70,"column":null}},"type":"if","locations":[{"start":{"line":68,"column":4},"end":{"line":70,"column":null}},{"start":{},"end":{}}],"line":68},"3":{"loc":{"start":{"line":76,"column":4},"end":{"line":78,"column":null}},"type":"if","locations":[{"start":{"line":76,"column":4},"end":{"line":78,"column":null}},{"start":{},"end":{}}],"line":76},"4":{"loc":{"start":{"line":86,"column":4},"end":{"line":88,"column":null}},"type":"if","locations":[{"start":{"line":86,"column":4},"end":{"line":88,"column":null}},{"start":{},"end":{}}],"line":86},"5":{"loc":{"start":{"line":94,"column":4},"end":{"line":96,"column":null}},"type":"if","locations":[{"start":{"line":94,"column":4},"end":{"line":96,"column":null}},{"start":{},"end":{}}],"line":94}},"s":{"0":32,"1":32,"2":5,"3":5,"4":5,"5":4,"6":1,"7":1,"8":1,"9":1,"10":2,"11":2,"12":4,"13":4,"14":4,"15":5,"16":5,"17":5,"18":5,"19":12,"20":2,"21":2,"22":2,"23":1,"24":2,"25":2,"26":2,"27":1,"28":2,"29":2,"30":2,"31":1,"32":2,"33":2,"34":2,"35":1,"36":2},"f":{"0":32,"1":5,"2":12,"3":2,"4":2,"5":2,"6":2,"7":2},"b":{"0":[4,1],"1":[1,1,1,2],"2":[1,1],"3":[1,1],"4":[1,1],"5":[1,1]},"meta":{"lastBranch":6,"lastFunction":8,"lastStatement":37,"seen":{"f:11:2:11:14":0,"s:12:4:12:Infinity":0,"s:13:4:13:Infinity":1,"f:16:8:16:15":1,"s:17:39:17:Infinity":2,"s:20:24:20:Infinity":3,"b:21:4:38:Infinity:undefined:undefined:undefined:undefined":0,"s:21:4:38:Infinity":4,"b:24:8:24:Infinity:25:8:25:Infinity:26:8:26:Infinity:27:8:27:Infinity":1,"s:23:6:28:Infinity":5,"s:24:23:24:65":6,"s:24:65:24:Infinity":7,"s:25:22:25:69":8,"s:25:69:25:Infinity":9,"s:27:17:27:59":10,"s:27:59:27:Infinity":11,"s:29:26:29:Infinity":12,"s:30:24:30:Infinity":13,"s:31:6:37:Infinity":14,"s:40:25:46:Infinity":15,"s:47:24:47:Infinity":16,"s:50:4:50:Infinity":17,"s:52:4:52:Infinity":18,"f:55:8:55:35":2,"s:56:4:56:Infinity":19,"f:59:8:59:15":3,"s:60:4:60:Infinity":20,"f:63:8:63:28":4,"s:64:24:67:Infinity":21,"b:68:4:70:Infinity:undefined:undefined:undefined:undefined":2,"s:68:4:70:Infinity":22,"s:69:6:69:Infinity":23,"s:71:4:71:Infinity":24,"f:74:8:74:15":5,"s:75:24:75:Infinity":25,"b:76:4:78:Infinity:undefined:undefined:undefined:undefined":3,"s:76:4:78:Infinity":26,"s:77:6:77:Infinity":27,"s:79:4:79:Infinity":28,"f:82:8:82:19":6,"s:83:24:85:Infinity":29,"b:86:4:88:Infinity:undefined:undefined:undefined:undefined":4,"s:86:4:88:Infinity":30,"s:87:6:87:Infinity":31,"s:89:4:89:Infinity":32,"f:92:8:92:15":7,"s:93:20:93:Infinity":33,"b:94:4:96:Infinity:undefined:undefined:undefined:undefined":5,"s:94:4:96:Infinity":34,"s:95:6:95:Infinity":35,"s:97:4:97:Infinity":36},"fnNames":{}}}
,"C:\\Users\\LENOVO\\Documents\\Nueva carpeta (3)\\AlejandroObando_30723_G0_ADSW\\3.CODIGO\\TransControl\\backend\\src\\business\\strategies\\route_strategy.ts": {"path":"C:\\Users\\LENOVO\\Documents\\Nueva carpeta (3)\\AlejandroObando_30723_G0_ADSW\\3.CODIGO\\TransControl\\backend\\src\\business\\strategies\\route_strategy.ts","statementMap":{"0":{"start":{"line":24,"column":4},"end":{"line":24,"column":null}},"1":{"start":{"line":26,"column":4},"end":{"line":32,"column":null}},"2":{"start":{"line":38,"column":4},"end":{"line":38,"column":null}},"3":{"start":{"line":40,"column":4},"end":{"line":46,"column":null}},"4":{"start":{"line":52,"column":4},"end":{"line":52,"column":null}},"5":{"start":{"line":54,"column":4},"end":{"line":60,"column":null}},"6":{"start":{"line":76,"column":4},"end":{"line":76,"column":null}},"7":{"start":{"line":80,"column":4},"end":{"line":80,"column":null}},"8":{"start":{"line":84,"column":4},"end":{"line":84,"column":null}}},"fnMap":{"0":{"name":"calcularRuta","decl":{"start":{"line":23,"column":2},"end":{"line":23,"column":15}},"loc":{"start":{"line":23,"column":48},"end":{"line":33,"column":null}},"line":23},"1":{"name":"calcularRuta_2","decl":{"start":{"line":37,"column":2},"end":{"line":37,"column":15}},"loc":{"start":{"line":37,"column":48},"end":{"line":47,"column":null}},"line":37},"2":{"name":"calcularRuta_3","decl":{"start":{"line":51,"column":2},"end":{"line":51,"column":15}},"loc":{"start":{"line":51,"column":48},"end":{"line":61,"column":null}},"line":51},"3":{"name":"constructor","decl":{"start":{"line":75,"column":2},"end":{"line":75,"column":14}},"loc":{"start":{"line":75,"column":41},"end":{"line":77,"column":null}},"line":75},"4":{"name":"setEstrategia","decl":{"start":{"line":79,"column":2},"end":{"line":79,"column":16}},"loc":{"start":{"line":79,"column":43},"end":{"line":81,"column":null}},"line":79},"5":{"name":"ejecutarCalculo","decl":{"start":{"line":83,"column":2},"end":{"line":83,"column":18}},"loc":{"start":{"line":83,"column":51},"end":{"line":85,"column":null}},"line":83}},"branchMap":{},"s":{"0":5,"1":5,"2":3,"3":3,"4":2,"5":2,"6":6,"7":1,"8":7},"f":{"0":5,"1":3,"2":2,"3":6,"4":1,"5":7},"b":{},"meta":{"lastBranch":0,"lastFunction":6,"lastStatement":9,"seen":{"f:23:2:23:15":0,"s:24:4:24:Infinity":0,"s:26:4:32:Infinity":1,"f:37:2:37:15":1,"s:38:4:38:Infinity":2,"s:40:4:46:Infinity":3,"f:51:2:51:15":2,"s:52:4:52:Infinity":4,"s:54:4:60:Infinity":5,"f:75:2:75:14":3,"s:76:4:76:Infinity":6,"f:79:2:79:16":4,"s:80:4:80:Infinity":7,"f:83:2:83:18":5,"s:84:4:84:Infinity":8},"fnNames":{}}}
}
